<!--
  ~ Copyright (c) 2008-2016 Haulmont.
  ~
  ~ Licensed under the Apache License, Version 2.0 (the "License");
  ~ you may not use this file except in compliance with the License.
  ~ You may obtain a copy of the License at
  ~
  ~     http://www.apache.org/licenses/LICENSE-2.0
  ~
  ~ Unless required by applicable law or agreed to in writing, software
  ~ distributed under the License is distributed on an "AS IS" BASIS,
  ~ WITHOUT WARRANTIES OR CONDITIONS OF ANY KIND, either express or implied.
  ~ See the License for the specific language governing permissions and
  ~ limitations under the License.
  ~
  -->

<views xmlns="http://www.haulmont.com/schema/cuba/view.xsd">

    <view class="com.haulmont.cuba.gui.data.impl.testmodel1.TestMasterEntity" name="withDetails" extends="_local">
        <property name="details" view="withParts"/>
    </view>

    <view class="com.haulmont.cuba.gui.data.impl.testmodel1.TestDetailEntity" name="withParts" extends="_local">
        <property name="embeddable" view="_local"/>
        <property name="parts" view="_local"/>
    </view>

    <view class="com.haulmont.cuba.gui.data.impl.testmodel1.TestMasterEntity" name="withDetail" extends="_local">
        <property name="detail" view="_local"/>
    </view>

</views>
